This file contains any messages produced by compilers while
running configure, to aid debugging if configure makes a mistake.

It was created by the_silver_searcher configure 2.2.0, which was
generated by GNU Autoconf 2.69.  Invocation command line was

  $ ./configure 

## --------- ##
## Platform. ##
## --------- ##

hostname = ubuntu
uname -m = x86_64
uname -r = 3.5.0-17-generic
uname -s = Linux
uname -v = #28-Ubuntu SMP Tue Oct 9 19:31:23 UTC 2012

/usr/bin/uname -p = unknown
/bin/uname -X     = unknown

/bin/arch              = unknown
/usr/bin/arch -k       = unknown
/usr/convex/getsysinfo = unknown
/usr/bin/hostinfo      = unknown
/bin/machine           = unknown
/usr/bin/oslevel       = unknown
/bin/universe          = unknown

PATH: /opt/hisi-linux/x86-arm/arm-hisiv200-linux/target/bin
PATH: /usr/java/jdk1.7.0_79/bin
PATH: /usr/java/jdk1.7.0_79/jre/bin
PATH: /usr/local/sbin
PATH: /usr/local/bin
PATH: /usr/sbin
PATH: /usr/bin
PATH: /sbin
PATH: /bin
PATH: /usr/games
PATH: /usr/local/games
PATH: /opt/mips-4.3/bin
PATH: /opt/aeon/bin
PATH: /opt/arm-2010.09/bin
PATH: /opt/arm-2011.03/bin
PATH: /opt/arm-2012.09/bin
PATH: /tools/r2-elf-linux-1.3.5.14/bin
PATH: /tools/arm/mstar/linaro-aarch64_linux-2014.07_835769-patched/install/bin
PATH: /opt/android-ndk-r10d
PATH: /home/cuishang/myscript
PATH: /home/cuishang/myscript
PATH: /home/cuishang/toInstall/bin


## ----------- ##
## Core tests. ##
## ----------- ##

configure:2352: checking for a BSD-compatible install
configure:2420: result: /usr/bin/install -c
configure:2431: checking whether build environment is sane
configure:2486: result: yes
configure:2637: checking for a thread-safe mkdir -p
configure:2676: result: /bin/mkdir -p
configure:2683: checking for gawk
configure:2699: found /usr/bin/gawk
configure:2710: result: gawk
configure:2721: checking whether make sets $(MAKE)
configure:2743: result: yes
configure:2772: checking whether make supports nested variables
configure:2789: result: yes
configure:2955: checking for gcc
configure:2971: found /usr/bin/gcc
configure:2982: result: gcc
configure:3211: checking for C compiler version
configure:3220: gcc --version >&5
gcc (Ubuntu 4.8.4-2ubuntu1~14.04.3) 4.8.4
Copyright (C) 2013 Free Software Foundation, Inc.
This is free software; see the source for copying conditions.  There is NO
warranty; not even for MERCHANTABILITY or FITNESS FOR A PARTICULAR PURPOSE.

configure:3231: $? = 0
configure:3220: gcc -v >&5
Using built-in specs.
COLLECT_GCC=gcc
COLLECT_LTO_WRAPPER=/usr/lib/gcc/x86_64-linux-gnu/4.8/lto-wrapper
Target: x86_64-linux-gnu
Configured with: ../src/configure -v --with-pkgversion='Ubuntu 4.8.4-2ubuntu1~14.04.3' --with-bugurl=file:///usr/share/doc/gcc-4.8/README.Bugs --enable-languages=c,c++,java,go,d,fortran,objc,obj-c++ --prefix=/usr --program-suffix=-4.8 --enable-shared --enable-linker-build-id --libexecdir=/usr/lib --without-included-gettext --enable-threads=posix --with-gxx-include-dir=/usr/include/c++/4.8 --libdir=/usr/lib --enable-nls --with-sysroot=/ --enable-clocale=gnu --enable-libstdcxx-debug --enable-libstdcxx-time=yes --enable-gnu-unique-object --disable-libmudflap --enable-plugin --with-system-zlib --disable-browser-plugin --enable-java-awt=gtk --enable-gtk-cairo --with-java-home=/usr/lib/jvm/java-1.5.0-gcj-4.8-amd64/jre --enable-java-home --with-jvm-root-dir=/usr/lib/jvm/java-1.5.0-gcj-4.8-amd64 --with-jvm-jar-dir=/usr/lib/jvm-exports/java-1.5.0-gcj-4.8-amd64 --with-arch-directory=amd64 --with-ecj-jar=/usr/share/java/eclipse-ecj.jar --enable-objc-gc --enable-multiarch --disable-werror --with-arch-32=i686 --with-abi=m64 --with-multilib-list=m32,m64,mx32 --with-tune=generic --enable-checking=release --build=x86_64-linux-gnu --host=x86_64-linux-gnu --target=x86_64-linux-gnu
Thread model: posix
gcc version 4.8.4 (Ubuntu 4.8.4-2ubuntu1~14.04.3) 
configure:3231: $? = 0
configure:3220: gcc -V >&5
gcc: error: unrecognized command line option '-V'
gcc: fatal error: no input files
compilation terminated.
configure:3231: $? = 4
configure:3220: gcc -qversion >&5
gcc: error: unrecognized command line option '-qversion'
gcc: fatal error: no input files
compilation terminated.
configure:3231: $? = 4
configure:3251: checking whether the C compiler works
configure:3273: gcc    conftest.c  >&5
configure:3277: $? = 0
configure:3325: result: yes
configure:3328: checking for C compiler default output file name
configure:3330: result: a.out
configure:3336: checking for suffix of executables
configure:3343: gcc -o conftest    conftest.c  >&5
configure:3347: $? = 0
configure:3369: result: 
configure:3391: checking whether we are cross compiling
configure:3399: gcc -o conftest    conftest.c  >&5
configure:3403: $? = 0
configure:3410: ./conftest
configure:3414: $? = 0
configure:3429: result: no
configure:3434: checking for suffix of object files
configure:3456: gcc -c   conftest.c >&5
configure:3460: $? = 0
configure:3481: result: o
configure:3485: checking whether we are using the GNU C compiler
configure:3504: gcc -c   conftest.c >&5
configure:3504: $? = 0
configure:3513: result: yes
configure:3522: checking whether gcc accepts -g
configure:3542: gcc -c -g  conftest.c >&5
configure:3542: $? = 0
configure:3583: result: yes
configure:3600: checking for gcc option to accept ISO C89
configure:3663: gcc  -c -g -O2  conftest.c >&5
configure:3663: $? = 0
configure:3676: result: none needed
configure:3701: checking whether gcc understands -c and -o together
configure:3723: gcc -c conftest.c -o conftest2.o
configure:3726: $? = 0
configure:3723: gcc -c conftest.c -o conftest2.o
configure:3726: $? = 0
configure:3738: result: yes
configure:3766: checking for style of include used by make
configure:3794: result: GNU
configure:3820: checking dependency style of gcc
configure:3931: result: gcc3
configure:3948: checking for grep that handles long lines and -e
configure:4006: result: /bin/grep
configure:4023: checking whether make supports nested variables
configure:4040: result: yes
configure:4106: checking for pkg-config
configure:4124: found /usr/bin/pkg-config
configure:4136: result: /usr/bin/pkg-config
configure:4161: checking pkg-config is at least version 0.9.0
configure:4164: result: yes
configure:4174: checking for PCRE
configure:4181: $PKG_CONFIG --exists --print-errors "libpcre"
configure:4184: $? = 0
configure:4198: $PKG_CONFIG --exists --print-errors "libpcre"
configure:4201: $? = 0
configure:4259: result: yes
configure:4374: checking build system type
configure:4388: result: x86_64-pc-linux-gnu
configure:4408: checking host system type
configure:4421: result: x86_64-pc-linux-gnu
configure:4447: checking how to run the C preprocessor
configure:4478: gcc -E  conftest.c
configure:4478: $? = 0
configure:4492: gcc -E  conftest.c
conftest.c:9:28: fatal error: ac_nonexistent.h: No such file or directory
 #include <ac_nonexistent.h>
                            ^
compilation terminated.
configure:4492: $? = 1
configure: failed program was:
| /* confdefs.h */
| #define PACKAGE_NAME "the_silver_searcher"
| #define PACKAGE_TARNAME "the_silver_searcher"
| #define PACKAGE_VERSION "2.2.0"
| #define PACKAGE_STRING "the_silver_searcher 2.2.0"
| #define PACKAGE_BUGREPORT "https://github.com/ggreer/the_silver_searcher/issues"
| #define PACKAGE_URL "https://github.com/ggreer/the_silver_searcher"
| /* end confdefs.h.  */
| #include <ac_nonexistent.h>
configure:4517: result: gcc -E
configure:4537: gcc -E  conftest.c
configure:4537: $? = 0
configure:4551: gcc -E  conftest.c
conftest.c:9:28: fatal error: ac_nonexistent.h: No such file or directory
 #include <ac_nonexistent.h>
                            ^
compilation terminated.
configure:4551: $? = 1
configure: failed program was:
| /* confdefs.h */
| #define PACKAGE_NAME "the_silver_searcher"
| #define PACKAGE_TARNAME "the_silver_searcher"
| #define PACKAGE_VERSION "2.2.0"
| #define PACKAGE_STRING "the_silver_searcher 2.2.0"
| #define PACKAGE_BUGREPORT "https://github.com/ggreer/the_silver_searcher/issues"
| #define PACKAGE_URL "https://github.com/ggreer/the_silver_searcher"
| /* end confdefs.h.  */
| #include <ac_nonexistent.h>
configure:4580: checking for egrep
configure:4642: result: /bin/grep -E
configure:4647: checking for ANSI C header files
configure:4667: gcc -c -g -O2  conftest.c >&5
configure:4667: $? = 0
configure:4740: gcc -o conftest -g -O2   conftest.c  >&5
configure:4740: $? = 0
configure:4740: ./conftest
configure:4740: $? = 0
configure:4751: result: yes
configure:4764: checking for sys/types.h
configure:4764: gcc -c -g -O2  conftest.c >&5
configure:4764: $? = 0
configure:4764: result: yes
configure:4764: checking for sys/stat.h
configure:4764: gcc -c -g -O2  conftest.c >&5
configure:4764: $? = 0
configure:4764: result: yes
configure:4764: checking for stdlib.h
configure:4764: gcc -c -g -O2  conftest.c >&5
configure:4764: $? = 0
configure:4764: result: yes
configure:4764: checking for string.h
configure:4764: gcc -c -g -O2  conftest.c >&5
configure:4764: $? = 0
configure:4764: result: yes
configure:4764: checking for memory.h
configure:4764: gcc -c -g -O2  conftest.c >&5
configure:4764: $? = 0
configure:4764: result: yes
configure:4764: checking for strings.h
configure:4764: gcc -c -g -O2  conftest.c >&5
configure:4764: $? = 0
configure:4764: result: yes
configure:4764: checking for inttypes.h
configure:4764: gcc -c -g -O2  conftest.c >&5
configure:4764: $? = 0
configure:4764: result: yes
configure:4764: checking for stdint.h
configure:4764: gcc -c -g -O2  conftest.c >&5
configure:4764: $? = 0
configure:4764: result: yes
configure:4764: checking for unistd.h
configure:4764: gcc -c -g -O2  conftest.c >&5
configure:4764: $? = 0
configure:4764: result: yes
configure:4888: checking if compiler needs -Werror to reject unknown flags
configure:4904: gcc -c -g -O2 -Werror -Wunknown-warning-option -Wsizeof-array-argument  conftest.c >&5
gcc: error: unrecognized command line option '-Wunknown-warning-option'
gcc: error: unrecognized command line option '-Wsizeof-array-argument'
configure:4904: $? = 1
configure: failed program was:
| /* confdefs.h */
| #define PACKAGE_NAME "the_silver_searcher"
| #define PACKAGE_TARNAME "the_silver_searcher"
| #define PACKAGE_VERSION "2.2.0"
| #define PACKAGE_STRING "the_silver_searcher 2.2.0"
| #define PACKAGE_BUGREPORT "https://github.com/ggreer/the_silver_searcher/issues"
| #define PACKAGE_URL "https://github.com/ggreer/the_silver_searcher"
| #define STDC_HEADERS 1
| #define HAVE_SYS_TYPES_H 1
| #define HAVE_SYS_STAT_H 1
| #define HAVE_STDLIB_H 1
| #define HAVE_STRING_H 1
| #define HAVE_MEMORY_H 1
| #define HAVE_STRINGS_H 1
| #define HAVE_INTTYPES_H 1
| #define HAVE_STDINT_H 1
| #define HAVE_UNISTD_H 1
| /* end confdefs.h.  */
| int foo(void);
| int
| main ()
| {
| foo()
|   ;
|   return 0;
| }
configure:4909: result: no
configure:4975: checking for the pthreads library -lpthreads
configure:5013: gcc -o conftest -g -O2     conftest.c -lpthreads  >&5
/usr/bin/ld: cannot find -lpthreads
collect2: error: ld returned 1 exit status
configure:5013: $? = 1
configure: failed program was:
| /* confdefs.h */
| #define PACKAGE_NAME "the_silver_searcher"
| #define PACKAGE_TARNAME "the_silver_searcher"
| #define PACKAGE_VERSION "2.2.0"
| #define PACKAGE_STRING "the_silver_searcher 2.2.0"
| #define PACKAGE_BUGREPORT "https://github.com/ggreer/the_silver_searcher/issues"
| #define PACKAGE_URL "https://github.com/ggreer/the_silver_searcher"
| #define STDC_HEADERS 1
| #define HAVE_SYS_TYPES_H 1
| #define HAVE_SYS_STAT_H 1
| #define HAVE_STDLIB_H 1
| #define HAVE_STRING_H 1
| #define HAVE_MEMORY_H 1
| #define HAVE_STRINGS_H 1
| #define HAVE_INTTYPES_H 1
| #define HAVE_STDINT_H 1
| #define HAVE_UNISTD_H 1
| /* end confdefs.h.  */
| #include <pthread.h>
|                         static void routine(void *a) { a = 0; }
|                         static void *start_routine(void *a) { return a; }
| int
| main ()
| {
| pthread_t th; pthread_attr_t attr;
|                         pthread_create(&th, 0, start_routine, 0);
|                         pthread_join(th, 0);
|                         pthread_attr_init(&attr);
|                         pthread_cleanup_push(routine, 0);
|                         pthread_cleanup_pop(0) /* ; */
|   ;
|   return 0;
| }
configure:5022: result: no
configure:4920: checking whether pthreads work without any flags
configure:5013: gcc -o conftest -g -O2     conftest.c   >&5
/tmp/cclhM2Fz.o: In function `main':
/home/cuishang/myfile/the_silver_searcher-2.2.0/conftest.c:26: undefined reference to `pthread_create'
/home/cuishang/myfile/the_silver_searcher-2.2.0/conftest.c:27: undefined reference to `pthread_join'
/home/cuishang/myfile/the_silver_searcher-2.2.0/conftest.c:29: undefined reference to `__pthread_register_cancel'
/home/cuishang/myfile/the_silver_searcher-2.2.0/conftest.c:30: undefined reference to `__pthread_unregister_cancel'
collect2: error: ld returned 1 exit status
configure:5013: $? = 1
configure: failed program was:
| /* confdefs.h */
| #define PACKAGE_NAME "the_silver_searcher"
| #define PACKAGE_TARNAME "the_silver_searcher"
| #define PACKAGE_VERSION "2.2.0"
| #define PACKAGE_STRING "the_silver_searcher 2.2.0"
| #define PACKAGE_BUGREPORT "https://github.com/ggreer/the_silver_searcher/issues"
| #define PACKAGE_URL "https://github.com/ggreer/the_silver_searcher"
| #define STDC_HEADERS 1
| #define HAVE_SYS_TYPES_H 1
| #define HAVE_SYS_STAT_H 1
| #define HAVE_STDLIB_H 1
| #define HAVE_STRING_H 1
| #define HAVE_MEMORY_H 1
| #define HAVE_STRINGS_H 1
| #define HAVE_INTTYPES_H 1
| #define HAVE_STDINT_H 1
| #define HAVE_UNISTD_H 1
| /* end confdefs.h.  */
| #include <pthread.h>
|                         static void routine(void *a) { a = 0; }
|                         static void *start_routine(void *a) { return a; }
| int
| main ()
| {
| pthread_t th; pthread_attr_t attr;
|                         pthread_create(&th, 0, start_routine, 0);
|                         pthread_join(th, 0);
|                         pthread_attr_init(&attr);
|                         pthread_cleanup_push(routine, 0);
|                         pthread_cleanup_pop(0) /* ; */
|   ;
|   return 0;
| }
configure:5022: result: no
configure:4925: checking whether pthreads work with -Kthread
configure:5013: gcc -o conftest -g -O2 -Kthread    conftest.c   >&5
gcc: error: unrecognized command line option '-Kthread'
configure:5013: $? = 1
configure: failed program was:
| /* confdefs.h */
| #define PACKAGE_NAME "the_silver_searcher"
| #define PACKAGE_TARNAME "the_silver_searcher"
| #define PACKAGE_VERSION "2.2.0"
| #define PACKAGE_STRING "the_silver_searcher 2.2.0"
| #define PACKAGE_BUGREPORT "https://github.com/ggreer/the_silver_searcher/issues"
| #define PACKAGE_URL "https://github.com/ggreer/the_silver_searcher"
| #define STDC_HEADERS 1
| #define HAVE_SYS_TYPES_H 1
| #define HAVE_SYS_STAT_H 1
| #define HAVE_STDLIB_H 1
| #define HAVE_STRING_H 1
| #define HAVE_MEMORY_H 1
| #define HAVE_STRINGS_H 1
| #define HAVE_INTTYPES_H 1
| #define HAVE_STDINT_H 1
| #define HAVE_UNISTD_H 1
| /* end confdefs.h.  */
| #include <pthread.h>
|                         static void routine(void *a) { a = 0; }
|                         static void *start_routine(void *a) { return a; }
| int
| main ()
| {
| pthread_t th; pthread_attr_t attr;
|                         pthread_create(&th, 0, start_routine, 0);
|                         pthread_join(th, 0);
|                         pthread_attr_init(&attr);
|                         pthread_cleanup_push(routine, 0);
|                         pthread_cleanup_pop(0) /* ; */
|   ;
|   return 0;
| }
configure:5022: result: no
configure:4925: checking whether pthreads work with -kthread
configure:5013: gcc -o conftest -g -O2 -kthread    conftest.c   >&5
gcc: error: unrecognized command line option '-kthread'
configure:5013: $? = 1
configure: failed program was:
| /* confdefs.h */
| #define PACKAGE_NAME "the_silver_searcher"
| #define PACKAGE_TARNAME "the_silver_searcher"
| #define PACKAGE_VERSION "2.2.0"
| #define PACKAGE_STRING "the_silver_searcher 2.2.0"
| #define PACKAGE_BUGREPORT "https://github.com/ggreer/the_silver_searcher/issues"
| #define PACKAGE_URL "https://github.com/ggreer/the_silver_searcher"
| #define STDC_HEADERS 1
| #define HAVE_SYS_TYPES_H 1
| #define HAVE_SYS_STAT_H 1
| #define HAVE_STDLIB_H 1
| #define HAVE_STRING_H 1
| #define HAVE_MEMORY_H 1
| #define HAVE_STRINGS_H 1
| #define HAVE_INTTYPES_H 1
| #define HAVE_STDINT_H 1
| #define HAVE_UNISTD_H 1
| /* end confdefs.h.  */
| #include <pthread.h>
|                         static void routine(void *a) { a = 0; }
|                         static void *start_routine(void *a) { return a; }
| int
| main ()
| {
| pthread_t th; pthread_attr_t attr;
|                         pthread_create(&th, 0, start_routine, 0);
|                         pthread_join(th, 0);
|                         pthread_attr_init(&attr);
|                         pthread_cleanup_push(routine, 0);
|                         pthread_cleanup_pop(0) /* ; */
|   ;
|   return 0;
| }
configure:5022: result: no
configure:4975: checking for the pthreads library -llthread
configure:5013: gcc -o conftest -g -O2     conftest.c -llthread  >&5
/usr/bin/ld: cannot find -llthread
collect2: error: ld returned 1 exit status
configure:5013: $? = 1
configure: failed program was:
| /* confdefs.h */
| #define PACKAGE_NAME "the_silver_searcher"
| #define PACKAGE_TARNAME "the_silver_searcher"
| #define PACKAGE_VERSION "2.2.0"
| #define PACKAGE_STRING "the_silver_searcher 2.2.0"
| #define PACKAGE_BUGREPORT "https://github.com/ggreer/the_silver_searcher/issues"
| #define PACKAGE_URL "https://github.com/ggreer/the_silver_searcher"
| #define STDC_HEADERS 1
| #define HAVE_SYS_TYPES_H 1
| #define HAVE_SYS_STAT_H 1
| #define HAVE_STDLIB_H 1
| #define HAVE_STRING_H 1
| #define HAVE_MEMORY_H 1
| #define HAVE_STRINGS_H 1
| #define HAVE_INTTYPES_H 1
| #define HAVE_STDINT_H 1
| #define HAVE_UNISTD_H 1
| /* end confdefs.h.  */
| #include <pthread.h>
|                         static void routine(void *a) { a = 0; }
|                         static void *start_routine(void *a) { return a; }
| int
| main ()
| {
| pthread_t th; pthread_attr_t attr;
|                         pthread_create(&th, 0, start_routine, 0);
|                         pthread_join(th, 0);
|                         pthread_attr_init(&attr);
|                         pthread_cleanup_push(routine, 0);
|                         pthread_cleanup_pop(0) /* ; */
|   ;
|   return 0;
| }
configure:5022: result: no
configure:4925: checking whether pthreads work with -pthread
configure:5013: gcc -o conftest -g -O2 -pthread    conftest.c   >&5
configure:5013: $? = 0
configure:5022: result: yes
configure:5041: checking for joinable pthread attribute
configure:5056: gcc -o conftest -g -O2 -pthread   conftest.c   >&5
configure:5056: $? = 0
configure:5062: result: PTHREAD_CREATE_JOINABLE
configure:5072: checking if more special flags are required for pthreads
configure:5087: result: no
configure:5093: checking for PTHREAD_PRIO_INHERIT
configure:5110: gcc -o conftest -g -O2 -pthread   conftest.c   >&5
configure:5110: $? = 0
configure:5119: result: yes
configure:5205: checking pthread.h usability
configure:5205: gcc -c -g -O2  conftest.c >&5
configure:5205: $? = 0
configure:5205: result: yes
configure:5205: checking pthread.h presence
configure:5205: gcc -E  conftest.c
configure:5205: $? = 0
configure:5205: result: yes
configure:5205: checking for pthread.h
configure:5205: result: yes
configure:5296: checking zlib.h usability
configure:5296: gcc -c -g -O2 -pthread   -Wall -Wextra -Wformat=2 -Wno-format-nonliteral -Wshadow -Wpointer-arith -Wcast-qual -Wmissing-prototypes -Wno-missing-braces -std=gnu89 -D_GNU_SOURCE  conftest.c >&5
configure:5296: $? = 0
configure:5296: result: yes
configure:5296: checking zlib.h presence
configure:5296: gcc -E  conftest.c
configure:5296: $? = 0
configure:5296: result: yes
configure:5296: checking for zlib.h
configure:5296: result: yes
configure:5306: checking for library containing inflate
configure:5337: gcc -o conftest -g -O2 -pthread   -Wall -Wextra -Wformat=2 -Wno-format-nonliteral -Wshadow -Wpointer-arith -Wcast-qual -Wmissing-prototypes -Wno-missing-braces -std=gnu89 -D_GNU_SOURCE   conftest.c   >&5
/tmp/ccceyjoe.o: In function `main':
/home/cuishang/myfile/the_silver_searcher-2.2.0/conftest.c:33: undefined reference to `inflate'
collect2: error: ld returned 1 exit status
configure:5337: $? = 1
configure: failed program was:
| /* confdefs.h */
| #define PACKAGE_NAME "the_silver_searcher"
| #define PACKAGE_TARNAME "the_silver_searcher"
| #define PACKAGE_VERSION "2.2.0"
| #define PACKAGE_STRING "the_silver_searcher 2.2.0"
| #define PACKAGE_BUGREPORT "https://github.com/ggreer/the_silver_searcher/issues"
| #define PACKAGE_URL "https://github.com/ggreer/the_silver_searcher"
| #define STDC_HEADERS 1
| #define HAVE_SYS_TYPES_H 1
| #define HAVE_SYS_STAT_H 1
| #define HAVE_STDLIB_H 1
| #define HAVE_STRING_H 1
| #define HAVE_MEMORY_H 1
| #define HAVE_STRINGS_H 1
| #define HAVE_INTTYPES_H 1
| #define HAVE_STDINT_H 1
| #define HAVE_UNISTD_H 1
| #define HAVE_PTHREAD_PRIO_INHERIT 1
| #define HAVE_PTHREAD_H 1
| #define HAVE_ZLIB_H 1
| /* end confdefs.h.  */
| 
| /* Override any GCC internal prototype to avoid an error.
|    Use char because int might match the return type of a GCC
|    builtin and then its argument prototype would still apply.  */
| #ifdef __cplusplus
| extern "C"
| #endif
| char inflate ();
| int
| main ()
| {
| return inflate ();
|   ;
|   return 0;
| }
configure:5337: gcc -o conftest -g -O2 -pthread   -Wall -Wextra -Wformat=2 -Wno-format-nonliteral -Wshadow -Wpointer-arith -Wcast-qual -Wmissing-prototypes -Wno-missing-braces -std=gnu89 -D_GNU_SOURCE   conftest.c -lzlib,    >&5
/usr/bin/ld: cannot find -lzlib,
collect2: error: ld returned 1 exit status
configure:5337: $? = 1
configure: failed program was:
| /* confdefs.h */
| #define PACKAGE_NAME "the_silver_searcher"
| #define PACKAGE_TARNAME "the_silver_searcher"
| #define PACKAGE_VERSION "2.2.0"
| #define PACKAGE_STRING "the_silver_searcher 2.2.0"
| #define PACKAGE_BUGREPORT "https://github.com/ggreer/the_silver_searcher/issues"
| #define PACKAGE_URL "https://github.com/ggreer/the_silver_searcher"
| #define STDC_HEADERS 1
| #define HAVE_SYS_TYPES_H 1
| #define HAVE_SYS_STAT_H 1
| #define HAVE_STDLIB_H 1
| #define HAVE_STRING_H 1
| #define HAVE_MEMORY_H 1
| #define HAVE_STRINGS_H 1
| #define HAVE_INTTYPES_H 1
| #define HAVE_STDINT_H 1
| #define HAVE_UNISTD_H 1
| #define HAVE_PTHREAD_PRIO_INHERIT 1
| #define HAVE_PTHREAD_H 1
| #define HAVE_ZLIB_H 1
| /* end confdefs.h.  */
| 
| /* Override any GCC internal prototype to avoid an error.
|    Use char because int might match the return type of a GCC
|    builtin and then its argument prototype would still apply.  */
| #ifdef __cplusplus
| extern "C"
| #endif
| char inflate ();
| int
| main ()
| {
| return inflate ();
|   ;
|   return 0;
| }
configure:5337: gcc -o conftest -g -O2 -pthread   -Wall -Wextra -Wformat=2 -Wno-format-nonliteral -Wshadow -Wpointer-arith -Wcast-qual -Wmissing-prototypes -Wno-missing-braces -std=gnu89 -D_GNU_SOURCE   conftest.c -lz    >&5
configure:5337: $? = 0
configure:5354: result: -lz
configure:5375: checking lzma.h usability
configure:5375: gcc -c -g -O2 -pthread   -Wall -Wextra -Wformat=2 -Wno-format-nonliteral -Wshadow -Wpointer-arith -Wcast-qual -Wmissing-prototypes -Wno-missing-braces -std=gnu89 -D_GNU_SOURCE  conftest.c >&5
conftest.c:55:18: fatal error: lzma.h: No such file or directory
 #include <lzma.h>
                  ^
compilation terminated.
configure:5375: $? = 1
configure: failed program was:
| /* confdefs.h */
| #define PACKAGE_NAME "the_silver_searcher"
| #define PACKAGE_TARNAME "the_silver_searcher"
| #define PACKAGE_VERSION "2.2.0"
| #define PACKAGE_STRING "the_silver_searcher 2.2.0"
| #define PACKAGE_BUGREPORT "https://github.com/ggreer/the_silver_searcher/issues"
| #define PACKAGE_URL "https://github.com/ggreer/the_silver_searcher"
| #define STDC_HEADERS 1
| #define HAVE_SYS_TYPES_H 1
| #define HAVE_SYS_STAT_H 1
| #define HAVE_STDLIB_H 1
| #define HAVE_STRING_H 1
| #define HAVE_MEMORY_H 1
| #define HAVE_STRINGS_H 1
| #define HAVE_INTTYPES_H 1
| #define HAVE_STDINT_H 1
| #define HAVE_UNISTD_H 1
| #define HAVE_PTHREAD_PRIO_INHERIT 1
| #define HAVE_PTHREAD_H 1
| #define HAVE_ZLIB_H 1
| /* end confdefs.h.  */
| #include <stdio.h>
| #ifdef HAVE_SYS_TYPES_H
| # include <sys/types.h>
| #endif
| #ifdef HAVE_SYS_STAT_H
| # include <sys/stat.h>
| #endif
| #ifdef STDC_HEADERS
| # include <stdlib.h>
| # include <stddef.h>
| #else
| # ifdef HAVE_STDLIB_H
| #  include <stdlib.h>
| # endif
| #endif
| #ifdef HAVE_STRING_H
| # if !defined STDC_HEADERS && defined HAVE_MEMORY_H
| #  include <memory.h>
| # endif
| # include <string.h>
| #endif
| #ifdef HAVE_STRINGS_H
| # include <strings.h>
| #endif
| #ifdef HAVE_INTTYPES_H
| # include <inttypes.h>
| #endif
| #ifdef HAVE_STDINT_H
| # include <stdint.h>
| #endif
| #ifdef HAVE_UNISTD_H
| # include <unistd.h>
| #endif
| #include <lzma.h>
configure:5375: result: no
configure:5375: checking lzma.h presence
configure:5375: gcc -E  conftest.c
conftest.c:22:18: fatal error: lzma.h: No such file or directory
 #include <lzma.h>
                  ^
compilation terminated.
configure:5375: $? = 1
configure: failed program was:
| /* confdefs.h */
| #define PACKAGE_NAME "the_silver_searcher"
| #define PACKAGE_TARNAME "the_silver_searcher"
| #define PACKAGE_VERSION "2.2.0"
| #define PACKAGE_STRING "the_silver_searcher 2.2.0"
| #define PACKAGE_BUGREPORT "https://github.com/ggreer/the_silver_searcher/issues"
| #define PACKAGE_URL "https://github.com/ggreer/the_silver_searcher"
| #define STDC_HEADERS 1
| #define HAVE_SYS_TYPES_H 1
| #define HAVE_SYS_STAT_H 1
| #define HAVE_STDLIB_H 1
| #define HAVE_STRING_H 1
| #define HAVE_MEMORY_H 1
| #define HAVE_STRINGS_H 1
| #define HAVE_INTTYPES_H 1
| #define HAVE_STDINT_H 1
| #define HAVE_UNISTD_H 1
| #define HAVE_PTHREAD_PRIO_INHERIT 1
| #define HAVE_PTHREAD_H 1
| #define HAVE_ZLIB_H 1
| /* end confdefs.h.  */
| #include <lzma.h>
configure:5375: result: no
configure:5375: checking for lzma.h
configure:5375: result: no
configure:5387: checking for LZMA
configure:5394: $PKG_CONFIG --exists --print-errors "liblzma"
Package liblzma was not found in the pkg-config search path.
Perhaps you should add the directory containing `liblzma.pc'
to the PKG_CONFIG_PATH environment variable
No package 'liblzma' found
configure:5397: $? = 1
configure:5411: $PKG_CONFIG --exists --print-errors "liblzma"
Package liblzma was not found in the pkg-config search path.
Perhaps you should add the directory containing `liblzma.pc'
to the PKG_CONFIG_PATH environment variable
No package 'liblzma' found
configure:5414: $? = 1
configure:5428: result: no
No package 'liblzma' found
configure:5444: error: Package requirements (liblzma) were not met:

No package 'liblzma' found

Consider adjusting the PKG_CONFIG_PATH environment variable if you
installed software in a non-standard prefix.

Alternatively, you may set the environment variables LZMA_CFLAGS
and LZMA_LIBS to avoid the need to call pkg-config.
See the pkg-config man page for more details.

## ---------------- ##
## Cache variables. ##
## ---------------- ##

ac_cv_build=x86_64-pc-linux-gnu
ac_cv_c_compiler_gnu=yes
ac_cv_env_CC_set=
ac_cv_env_CC_value=
ac_cv_env_CFLAGS_set=
ac_cv_env_CFLAGS_value=
ac_cv_env_CPPFLAGS_set=
ac_cv_env_CPPFLAGS_value=
ac_cv_env_CPP_set=
ac_cv_env_CPP_value=
ac_cv_env_LDFLAGS_set=
ac_cv_env_LDFLAGS_value=
ac_cv_env_LIBS_set=
ac_cv_env_LIBS_value=
ac_cv_env_LZMA_CFLAGS_set=
ac_cv_env_LZMA_CFLAGS_value=
ac_cv_env_LZMA_LIBS_set=
ac_cv_env_LZMA_LIBS_value=
ac_cv_env_PCRE_CFLAGS_set=
ac_cv_env_PCRE_CFLAGS_value=
ac_cv_env_PCRE_LIBS_set=
ac_cv_env_PCRE_LIBS_value=
ac_cv_env_PKG_CONFIG_LIBDIR_set=
ac_cv_env_PKG_CONFIG_LIBDIR_value=
ac_cv_env_PKG_CONFIG_PATH_set=
ac_cv_env_PKG_CONFIG_PATH_value=
ac_cv_env_PKG_CONFIG_set=
ac_cv_env_PKG_CONFIG_value=
ac_cv_env_build_alias_set=
ac_cv_env_build_alias_value=
ac_cv_env_host_alias_set=
ac_cv_env_host_alias_value=
ac_cv_env_target_alias_set=
ac_cv_env_target_alias_value=
ac_cv_header_inttypes_h=yes
ac_cv_header_lzma_h=no
ac_cv_header_memory_h=yes
ac_cv_header_pthread_h=yes
ac_cv_header_stdc=yes
ac_cv_header_stdint_h=yes
ac_cv_header_stdlib_h=yes
ac_cv_header_string_h=yes
ac_cv_header_strings_h=yes
ac_cv_header_sys_stat_h=yes
ac_cv_header_sys_types_h=yes
ac_cv_header_unistd_h=yes
ac_cv_header_zlib_h=yes
ac_cv_host=x86_64-pc-linux-gnu
ac_cv_objext=o
ac_cv_path_EGREP='/bin/grep -E'
ac_cv_path_GREP=/bin/grep
ac_cv_path_ac_pt_PKG_CONFIG=/usr/bin/pkg-config
ac_cv_path_install='/usr/bin/install -c'
ac_cv_path_mkdir=/bin/mkdir
ac_cv_prog_AWK=gawk
ac_cv_prog_CPP='gcc -E'
ac_cv_prog_ac_ct_CC=gcc
ac_cv_prog_cc_c89=
ac_cv_prog_cc_g=yes
ac_cv_prog_make_make_set=yes
ac_cv_search_inflate=-lz
am_cv_CC_dependencies_compiler_type=gcc3
am_cv_make_support_nested_variables=yes
am_cv_prog_cc_c_o=yes
ax_cv_PTHREAD_PRIO_INHERIT=yes
pkg_cv_PCRE_CFLAGS=' '
pkg_cv_PCRE_LIBS='-lpcre  '

## ----------------- ##
## Output variables. ##
## ----------------- ##

ACLOCAL='${SHELL} /home/cuishang/myfile/the_silver_searcher-2.2.0/missing aclocal-1.15'
AMDEPBACKSLASH='\'
AMDEP_FALSE='#'
AMDEP_TRUE=''
AMTAR='$${TAR-tar}'
AM_BACKSLASH='\'
AM_DEFAULT_V='$(AM_DEFAULT_VERBOSITY)'
AM_DEFAULT_VERBOSITY='0'
AM_V='$(V)'
AUTOCONF='${SHELL} /home/cuishang/myfile/the_silver_searcher-2.2.0/missing autoconf'
AUTOHEADER='${SHELL} /home/cuishang/myfile/the_silver_searcher-2.2.0/missing autoheader'
AUTOMAKE='${SHELL} /home/cuishang/myfile/the_silver_searcher-2.2.0/missing automake-1.15'
AWK='gawk'
CC='gcc'
CCDEPMODE='depmode=gcc3'
CFLAGS='-g -O2 -pthread   -Wall -Wextra -Wformat=2 -Wno-format-nonliteral -Wshadow -Wpointer-arith -Wcast-qual -Wmissing-prototypes -Wno-missing-braces -std=gnu89 -D_GNU_SOURCE'
CLANG_FORMAT=''
CPP='gcc -E'
CPPFLAGS=''
CYGPATH_W='echo'
DEFS=''
DEPDIR='.deps'
ECHO_C=''
ECHO_N='-n'
ECHO_T=''
EGREP='/bin/grep -E'
EXEEXT=''
GREP='/bin/grep'
HAS_CLANG_FORMAT_FALSE=''
HAS_CLANG_FORMAT_TRUE=''
INSTALL_DATA='${INSTALL} -m 644'
INSTALL_PROGRAM='${INSTALL}'
INSTALL_SCRIPT='${INSTALL}'
INSTALL_STRIP_PROGRAM='$(install_sh) -c -s'
LDFLAGS=''
LIBOBJS=''
LIBS='-lz  '
LTLIBOBJS=''
LZMA_CFLAGS=''
LZMA_LIBS=''
MAKEINFO='${SHELL} /home/cuishang/myfile/the_silver_searcher-2.2.0/missing makeinfo'
MKDIR_P='/bin/mkdir -p'
OBJEXT='o'
PACKAGE='the_silver_searcher'
PACKAGE_BUGREPORT='https://github.com/ggreer/the_silver_searcher/issues'
PACKAGE_NAME='the_silver_searcher'
PACKAGE_STRING='the_silver_searcher 2.2.0'
PACKAGE_TARNAME='the_silver_searcher'
PACKAGE_URL='https://github.com/ggreer/the_silver_searcher'
PACKAGE_VERSION='2.2.0'
PATH_SEPARATOR=':'
PCRE_CFLAGS=' '
PCRE_LIBS='-lpcre  '
PKG_CONFIG='/usr/bin/pkg-config'
PKG_CONFIG_LIBDIR=''
PKG_CONFIG_PATH=''
PTHREAD_CC='gcc'
PTHREAD_CFLAGS='-pthread'
PTHREAD_LIBS=''
SET_MAKE=''
SHELL='/bin/sh'
STRIP=''
VERSION='2.2.0'
ac_ct_CC='gcc'
am__EXEEXT_FALSE=''
am__EXEEXT_TRUE=''
am__fastdepCC_FALSE='#'
am__fastdepCC_TRUE=''
am__include='include'
am__isrc=''
am__leading_dot='.'
am__nodep='_no'
am__quote=''
am__tar='$${TAR-tar} chof - "$$tardir"'
am__untar='$${TAR-tar} xf -'
ax_pthread_config=''
bindir='${exec_prefix}/bin'
build='x86_64-pc-linux-gnu'
build_alias=''
build_cpu='x86_64'
build_os='linux-gnu'
build_vendor='pc'
datadir='${datarootdir}'
datarootdir='${prefix}/share'
docdir='${datarootdir}/doc/${PACKAGE_TARNAME}'
dvidir='${docdir}'
exec_prefix='NONE'
host='x86_64-pc-linux-gnu'
host_alias=''
host_cpu='x86_64'
host_os='linux-gnu'
host_vendor='pc'
htmldir='${docdir}'
includedir='${prefix}/include'
infodir='${datarootdir}/info'
install_sh='${SHELL} /home/cuishang/myfile/the_silver_searcher-2.2.0/install-sh'
libdir='${exec_prefix}/lib'
libexecdir='${exec_prefix}/libexec'
localedir='${datarootdir}/locale'
localstatedir='${prefix}/var'
mandir='${datarootdir}/man'
mkdir_p='$(MKDIR_P)'
oldincludedir='/usr/include'
pdfdir='${docdir}'
prefix='NONE'
program_transform_name='s,x,x,'
psdir='${docdir}'
runstatedir='${localstatedir}/run'
sbindir='${exec_prefix}/sbin'
sharedstatedir='${prefix}/com'
sysconfdir='${prefix}/etc'
target_alias=''

## ----------- ##
## confdefs.h. ##
## ----------- ##

/* confdefs.h */
#define PACKAGE_NAME "the_silver_searcher"
#define PACKAGE_TARNAME "the_silver_searcher"
#define PACKAGE_VERSION "2.2.0"
#define PACKAGE_STRING "the_silver_searcher 2.2.0"
#define PACKAGE_BUGREPORT "https://github.com/ggreer/the_silver_searcher/issues"
#define PACKAGE_URL "https://github.com/ggreer/the_silver_searcher"
#define STDC_HEADERS 1
#define HAVE_SYS_TYPES_H 1
#define HAVE_SYS_STAT_H 1
#define HAVE_STDLIB_H 1
#define HAVE_STRING_H 1
#define HAVE_MEMORY_H 1
#define HAVE_STRINGS_H 1
#define HAVE_INTTYPES_H 1
#define HAVE_STDINT_H 1
#define HAVE_UNISTD_H 1
#define HAVE_PTHREAD_PRIO_INHERIT 1
#define HAVE_PTHREAD_H 1
#define HAVE_ZLIB_H 1

configure: exit 1
